<?xml version="1.0" encoding="UTF-8"?>
<!-- Generated by org.testng.reporters.JUnitReportReporter -->
<testsuite name="com.Optimangent.Script.CreateMail" tests="2" time="0.000" ignored="0" failures="0" timestamp="03 Jan 2020 05:16:14 GMT" skipped="1" hostname="LAPTOP-RT9H3TJK" errors="1">
  <testcase name="openBrowser" time="0.000" classname="com.Optimangent.Script.CreateMail">
    <error type="org.openqa.selenium.SessionNotCreatedException" message="session not created: This version of ChromeDriver only supports Chrome version 77
Build info: version: &#039;3.141.59&#039;, revision: &#039;e82be7d358&#039;, time: &#039;2018-11-14T08:25:53&#039;
System info: host: &#039;LAPTOP-RT9H3TJK&#039;, ip: &#039;192.168.1.9&#039;, os.name: &#039;Windows 10&#039;, os.arch: &#039;amd64&#039;, os.version: &#039;10.0&#039;, java.version: &#039;1.8.0_221&#039;
Driver info: driver.version: ChromeDriver
remote stacktrace: Backtrace:
	Ordinal0 [0x012CEBD3+1502163]
	Ordinal0 [0x0124F781+980865]
	Ordinal0 [0x011D763F+489023]
	Ordinal0 [0x0116F2F4+62196]
	Ordinal0 [0x0116BCDA+48346]
	Ordinal0 [0x011897E0+169952]
	Ordinal0 [0x0118940D+168973]
	Ordinal0 [0x011878EB+162027]
	Ordinal0 [0x01170AC7+68295]
	Ordinal0 [0x01171B40+72512]
	Ordinal0 [0x01171AD9+72409]
	Ordinal0 [0x01268FE7+1085415]
	GetHandleVerifier [0x0136D8AD+503293]
	GetHandleVerifier [0x0136D640+502672]
	GetHandleVerifier [0x0137471C+531564]
	GetHandleVerifier [0x0136E0BA+505354]
	Ordinal0 [0x012606B6+1050294]
	Ordinal0 [0x0126052F+1049903]
	Ordinal0 [0x0126B04B+1093707]
	Ordinal0 [0x0126B1B3+1094067]
	Ordinal0 [0x0126A145+1089861]
	BaseThreadInitThunk [0x76450419+25]
	RtlGetAppContainerNamedObjectPath [0x77D1662D+237]
	RtlGetAppContainerNamedObjectPath [0x77D165FD+189]
">
      <![CDATA[org.openqa.selenium.SessionNotCreatedException: session not created: This version of ChromeDriver only supports Chrome version 77
Build info: version: '3.141.59', revision: 'e82be7d358', time: '2018-11-14T08:25:53'
System info: host: 'LAPTOP-RT9H3TJK', ip: '192.168.1.9', os.name: 'Windows 10', os.arch: 'amd64', os.version: '10.0', java.version: '1.8.0_221'
Driver info: driver.version: ChromeDriver
remote stacktrace: Backtrace:
	Ordinal0 [0x012CEBD3+1502163]
	Ordinal0 [0x0124F781+980865]
	Ordinal0 [0x011D763F+489023]
	Ordinal0 [0x0116F2F4+62196]
	Ordinal0 [0x0116BCDA+48346]
	Ordinal0 [0x011897E0+169952]
	Ordinal0 [0x0118940D+168973]
	Ordinal0 [0x011878EB+162027]
	Ordinal0 [0x01170AC7+68295]
	Ordinal0 [0x01171B40+72512]
	Ordinal0 [0x01171AD9+72409]
	Ordinal0 [0x01268FE7+1085415]
	GetHandleVerifier [0x0136D8AD+503293]
	GetHandleVerifier [0x0136D640+502672]
	GetHandleVerifier [0x0137471C+531564]
	GetHandleVerifier [0x0136E0BA+505354]
	Ordinal0 [0x012606B6+1050294]
	Ordinal0 [0x0126052F+1049903]
	Ordinal0 [0x0126B04B+1093707]
	Ordinal0 [0x0126B1B3+1094067]
	Ordinal0 [0x0126A145+1089861]
	BaseThreadInitThunk [0x76450419+25]
	RtlGetAppContainerNamedObjectPath [0x77D1662D+237]
	RtlGetAppContainerNamedObjectPath [0x77D165FD+189]

	at sun.reflect.NativeConstructorAccessorImpl.newInstance0(Native Method)
	at sun.reflect.NativeConstructorAccessorImpl.newInstance(Unknown Source)
	at sun.reflect.DelegatingConstructorAccessorImpl.newInstance(Unknown Source)
	at java.lang.reflect.Constructor.newInstance(Unknown Source)
	at org.openqa.selenium.remote.W3CHandshakeResponse.lambda$errorHandler$0(W3CHandshakeResponse.java:62)
	at org.openqa.selenium.remote.HandshakeResponse.lambda$getResponseFunction$0(HandshakeResponse.java:30)
	at org.openqa.selenium.remote.ProtocolHandshake.lambda$createSession$0(ProtocolHandshake.java:126)
	at java.util.stream.ReferencePipeline$3$1.accept(Unknown Source)
	at java.util.Spliterators$ArraySpliterator.tryAdvance(Unknown Source)
	at java.util.stream.ReferencePipeline.forEachWithCancel(Unknown Source)
	at java.util.stream.AbstractPipeline.copyIntoWithCancel(Unknown Source)
	at java.util.stream.AbstractPipeline.copyInto(Unknown Source)
	at java.util.stream.AbstractPipeline.wrapAndCopyInto(Unknown Source)
	at java.util.stream.FindOps$FindOp.evaluateSequential(Unknown Source)
	at java.util.stream.AbstractPipeline.evaluate(Unknown Source)
	at java.util.stream.ReferencePipeline.findFirst(Unknown Source)
	at org.openqa.selenium.remote.ProtocolHandshake.createSession(ProtocolHandshake.java:128)
	at org.openqa.selenium.remote.ProtocolHandshake.createSession(ProtocolHandshake.java:74)
	at org.openqa.selenium.remote.HttpCommandExecutor.execute(HttpCommandExecutor.java:136)
	at org.openqa.selenium.remote.service.DriverCommandExecutor.execute(DriverCommandExecutor.java:83)
	at org.openqa.selenium.remote.RemoteWebDriver.execute(RemoteWebDriver.java:552)
	at org.openqa.selenium.remote.RemoteWebDriver.startSession(RemoteWebDriver.java:213)
	at org.openqa.selenium.remote.RemoteWebDriver.<init>(RemoteWebDriver.java:131)
	at org.openqa.selenium.chrome.ChromeDriver.<init>(ChromeDriver.java:181)
	at org.openqa.selenium.chrome.ChromeDriver.<init>(ChromeDriver.java:168)
	at org.openqa.selenium.chrome.ChromeDriver.<init>(ChromeDriver.java:123)
	at com.Optimangent.first.BaseEngen.init(BaseEngen.java:31)
	at com.Optimangent.first.BaseEngen.openBrowser(BaseEngen.java:25)
	at sun.reflect.NativeMethodAccessorImpl.invoke0(Native Method)
	at sun.reflect.NativeMethodAccessorImpl.invoke(Unknown Source)
	at sun.reflect.DelegatingMethodAccessorImpl.invoke(Unknown Source)
	at java.lang.reflect.Method.invoke(Unknown Source)
	at org.testng.internal.MethodInvocationHelper.invokeMethod(MethodInvocationHelper.java:104)
	at org.testng.internal.Invoker.invokeConfigurationMethod(Invoker.java:515)
	at org.testng.internal.Invoker.invokeConfigurations(Invoker.java:217)
	at org.testng.internal.Invoker.invokeConfigurations(Invoker.java:144)
	at org.testng.SuiteRunner.privateRun(SuiteRunner.java:326)
	at org.testng.SuiteRunner.run(SuiteRunner.java:289)
	at org.testng.SuiteRunnerWorker.runSuite(SuiteRunnerWorker.java:52)
	at org.testng.SuiteRunnerWorker.run(SuiteRunnerWorker.java:86)
	at org.testng.TestNG.runSuitesSequentially(TestNG.java:1293)
	at org.testng.TestNG.runSuitesLocally(TestNG.java:1218)
	at org.testng.TestNG.runSuites(TestNG.java:1133)
	at org.testng.TestNG.run(TestNG.java:1104)
	at org.testng.remote.AbstractRemoteTestNG.run(AbstractRemoteTestNG.java:132)
	at org.testng.remote.RemoteTestNG.initAndRun(RemoteTestNG.java:236)
	at org.testng.remote.RemoteTestNG.main(RemoteTestNG.java:81)
]]>
    </error>
  </testcase> <!-- openBrowser -->
  <testcase name="mail" time="0.000" classname="com.Optimangent.Script.CreateMail">
    <skipped/>
  </testcase> <!-- mail -->
</testsuite> <!-- com.Optimangent.Script.CreateMail -->
